Build started 16/03/2016 10:56:07 p.m..
     1>Project "C:\Users\Christopher\Desktop\OpenGLOLD\GLRenderer\GLRenderer.vcxproj" on node 2 (Build target(s)).
     1>ClCompile:
         C:\Program Files (x86)\Microsoft Visual Studio 12.0\VC\bin\CL.exe /c /ZI /nologo /W3 /WX- /Od /Oy- /D WIN32 /D _DEBUG /D _CONSOLE /D _LIB /D _UNICODE /D UNICODE /Gm /EHsc /RTC1 /MDd /GS /fp:precise /Zc:wchar_t /Zc:forScope /Fo"..\Intermediate\\" /Fd"..\Intermediate\vc120.pdb" /Gd /TP /analyze- /errorReport:prompt Source\clock.cpp Source\engine.cpp Source\framework.cpp Source\gameobject.cpp Source\glrenderer.cpp Source\graphics.cpp Source\main.cpp Source\model.cpp Source\shader.cpp Source\texture.cpp
         texture.cpp
     1>c:\users\christopher\desktop\openglold\glrenderer\source\glrenderer.h(5): fatal error C1083: Cannot open include file: 'GL\glew.h': No such file or directory
         shader.cpp
     1>c:\users\christopher\desktop\openglold\glrenderer\source\glrenderer.h(5): fatal error C1083: Cannot open include file: 'GL\glew.h': No such file or directory
         model.cpp
     1>c:\users\christopher\desktop\openglold\glrenderer\source\model.cpp(17): fatal error C1083: Cannot open include file: 'glm/gtc/matrix_transform.hpp': No such file or directory
         main.cpp
     1>c:\users\christopher\desktop\openglold\glrenderer\source\main.cpp(2): fatal error C1083: Cannot open include file: 'GL\glew.h': No such file or directory
         graphics.cpp
     1>c:\users\christopher\desktop\openglold\glrenderer\source\glrenderer.h(5): fatal error C1083: Cannot open include file: 'GL\glew.h': No such file or directory
         glrenderer.cpp
     1>c:\users\christopher\desktop\openglold\glrenderer\source\glrenderer.h(5): fatal error C1083: Cannot open include file: 'GL\glew.h': No such file or directory
         gameobject.cpp
     1>c:\users\christopher\desktop\openglold\glrenderer\source\gameobject.cpp(16): fatal error C1083: Cannot open include file: 'glm\gtc\matrix_transform.hpp': No such file or directory
         framework.cpp
     1>c:\users\christopher\desktop\openglold\glrenderer\source\glrenderer.h(5): fatal error C1083: Cannot open include file: 'GL\glew.h': No such file or directory
         engine.cpp
     1>c:\users\christopher\desktop\openglold\glrenderer\source\glrenderer.h(5): fatal error C1083: Cannot open include file: 'GL\glew.h': No such file or directory
         clock.cpp
         Generating Code...
     1>Done Building Project "C:\Users\Christopher\Desktop\OpenGLOLD\GLRenderer\GLRenderer.vcxproj" (Build target(s)) -- FAILED.

Build FAILED.

Time Elapsed 00:00:03.03
